{"total": {"lines":{"total":285,"covered":278,"skipped":0,"pct":97.54},"statements":{"total":331,"covered":313,"skipped":0,"pct":94.56},"functions":{"total":104,"covered":90,"skipped":0,"pct":86.53},"branches":{"total":158,"covered":132,"skipped":0,"pct":83.54},"branchesTrue":{"total":0,"covered":0,"skipped":0,"pct":100}}
,"/home/adrian/projects/adrian-milsap/src/app/context/FontContext.tsx": {"lines":{"total":1,"covered":1,"skipped":0,"pct":100},"functions":{"total":1,"covered":1,"skipped":0,"pct":100},"statements":{"total":1,"covered":1,"skipped":0,"pct":100},"branches":{"total":0,"covered":0,"skipped":0,"pct":100}}
,"/home/adrian/projects/adrian-milsap/src/app/context/LanguageContext.tsx": {"lines":{"total":22,"covered":22,"skipped":0,"pct":100},"functions":{"total":11,"covered":7,"skipped":0,"pct":63.63},"statements":{"total":25,"covered":24,"skipped":0,"pct":96},"branches":{"total":6,"covered":4,"skipped":0,"pct":66.66}}
,"/home/adrian/projects/adrian-milsap/src/app/context/ThemeContext.tsx": {"lines":{"total":53,"covered":48,"skipped":0,"pct":90.56},"functions":{"total":22,"covered":14,"skipped":0,"pct":63.63},"statements":{"total":66,"covered":53,"skipped":0,"pct":80.3},"branches":{"total":24,"covered":14,"skipped":0,"pct":58.33}}
,"/home/adrian/projects/adrian-milsap/src/app/design-system/generated-token-values.ts": {"lines":{"total":1,"covered":1,"skipped":0,"pct":100},"functions":{"total":0,"covered":0,"skipped":0,"pct":100},"statements":{"total":1,"covered":1,"skipped":0,"pct":100},"branches":{"total":0,"covered":0,"skipped":0,"pct":100}}
,"/home/adrian/projects/adrian-milsap/src/app/pages/hds/HdsTocContext.tsx": {"lines":{"total":73,"covered":71,"skipped":0,"pct":97.26},"functions":{"total":27,"covered":25,"skipped":0,"pct":92.59},"statements":{"total":90,"covered":88,"skipped":0,"pct":97.77},"branches":{"total":40,"covered":34,"skipped":0,"pct":85}}
,"/home/adrian/projects/adrian-milsap/src/app/stores/mobiusCurve.ts": {"lines":{"total":4,"covered":4,"skipped":0,"pct":100},"functions":{"total":2,"covered":2,"skipped":0,"pct":100},"statements":{"total":4,"covered":4,"skipped":0,"pct":100},"branches":{"total":1,"covered":1,"skipped":0,"pct":100}}
,"/home/adrian/projects/adrian-milsap/src/app/stores/mobiusStore.ts": {"lines":{"total":93,"covered":93,"skipped":0,"pct":100},"functions":{"total":33,"covered":33,"skipped":0,"pct":100},"statements":{"total":103,"covered":102,"skipped":0,"pct":99.02},"branches":{"total":75,"covered":68,"skipped":0,"pct":90.66}}
,"/home/adrian/projects/adrian-milsap/src/app/utils/colorUtils.ts": {"lines":{"total":38,"covered":38,"skipped":0,"pct":100},"functions":{"total":8,"covered":8,"skipped":0,"pct":100},"statements":{"total":41,"covered":40,"skipped":0,"pct":97.56},"branches":{"total":12,"covered":11,"skipped":0,"pct":91.66}}
}
